<?xml version="1.0" encoding="UTF-8"?>
<testsuite name="com.byron.net.ExampleUnitTest" tests="1" skipped="0" failures="0" errors="0" timestamp="2020-08-18T09:51:39" hostname="BYRONLENG-MB0" time="0.0">
  <properties/>
  <testcase name="addition_isCorrect" classname="com.byron.net.ExampleUnitTest" time="0.0"/>
  <system-out><![CDATA[]]></system-out>
  <system-err><![CDATA[]]></system-err>
</testsuite>
